0:100  0:100  MemLog inited, TSC freq: 3510312863
0:100  0:000  CPU was calibrated with ACPI PM Timer
0:100  0:000  
0:100  0:000  Now is 4.9.2018,  23:49:15 (GMT)
0:100  0:000  Starting Clover revision: 4586 on American Megatrends EFI
0:100  0:000  Build with: [Args: -D NO_GRUB_DRIVERS_EMBEDDED -t XCODE8 | -D NO_GRUB_DRIVERS_EMBEDDED -D USE_LOW_EBDA -a X64 -b RELEASE -t XCODE8 -n 5 | OS: 10.13.5 | XCODE: 9.4.1]
0:100  0:000  SelfDevicePath=PciRoot(0x0)\Pci(0x1F,0x2)\Sata(0x1,0xFFFF,0x0)\HD(1,GPT,4A36DD14-2962-4D0D-992F-A78FBDB06BE5,0x28,0x64000) @D1E95518
0:100  0:000  SelfDirPath = \EFI\BOOT
0:100  0:000  === [ Get Smbios ] ========================================
0:100  0:000  Type 16 Index = 0
0:100  0:000  Total Memory Slots Count = 4
0:100  0:000  Type 17 Index = 0
0:100  0:000  SmbiosTable.Type17->Speed = 1600MHz
0:100  0:000  SmbiosTable.Type17->Size = 8192MB
0:100  0:000  SmbiosTable.Type17->Bank/Device = BANK 3 ChannelB-DIMM1
0:100  0:000  SmbiosTable.Type17->Vendor = 029E
0:100  0:000  SmbiosTable.Type17->SerialNumber = 00000000
0:100  0:000  SmbiosTable.Type17->PartNumber = CMZ8GX3M1A1600C10 
0:100  0:000  Type 17 Index = 1
0:100  0:000  SmbiosTable.Type17->Speed = 1600MHz
0:100  0:000  SmbiosTable.Type17->Size = 8192MB
0:100  0:000  SmbiosTable.Type17->Bank/Device = BANK 1 ChannelA-DIMM1
0:100  0:000  SmbiosTable.Type17->Vendor = 029E
0:100  0:000  SmbiosTable.Type17->SerialNumber = 00000000
0:100  0:000  SmbiosTable.Type17->PartNumber = CMZ8GX3M1A1600C10 
0:100  0:000  Type 17 Index = 2
0:100  0:000  SmbiosTable.Type17->Speed = 1600MHz
0:100  0:000  SmbiosTable.Type17->Size = 8192MB
0:100  0:000  SmbiosTable.Type17->Bank/Device = BANK 2 ChannelB-DIMM0
0:100  0:000  SmbiosTable.Type17->Vendor = 029E
0:100  0:000  SmbiosTable.Type17->SerialNumber = 00000000
0:100  0:000  SmbiosTable.Type17->PartNumber = CMZ8GX3M1A1600C10 
0:100  0:000  Type 17 Index = 3
0:100  0:000  SmbiosTable.Type17->Speed = 1600MHz
0:100  0:000  SmbiosTable.Type17->Size = 8192MB
0:100  0:000  SmbiosTable.Type17->Bank/Device = BANK 0 ChannelA-DIMM0
0:100  0:000  SmbiosTable.Type17->Vendor = 029E
0:100  0:000  SmbiosTable.Type17->SerialNumber = 00000000
0:100  0:000  SmbiosTable.Type17->PartNumber = CMZ8GX3M1A1600C10 
0:100  0:000  Boot status=0
0:100  0:000  Running on: 'To be filled by O.E.M.' with board 'Z68X-UD3H-B3'
0:100  0:000  === [ GetCPUProperties ] ==================================
0:100  0:000  CPU Vendor = 756E6547 Model=206A7
0:100  0:000   The CPU supported SSE4.1
0:100  0:000  BrandString = Intel(R) Core(TM) i7-2700K CPU @ 3.50GHz
0:100  0:000   The CPU supported turbo
0:100  0:000  MSR 0x35               40008
0:100  0:000  MSR 0xE2 before patch 1E000403
0:100  0:000  MSR 0xCE              00001000_70012300
0:100  0:000  corrected FLEX_RATIO = E0000
0:100  0:000  MSR 0x1B0             00000000
0:100  0:000  FSBFrequency = 112 MHz, DMI FSBFrequency = 100 MHz, Corrected FSBFrequency = 100 MHz
0:100  0:000  MaxDiv/MinDiv: 35.0/16
0:100  0:000  Turbo: 39/39/39/39
0:100  0:000  Features: 0xBFEBFBFF
0:100  0:000  Threads: 8
0:100  0:000  Cores: 4
0:100  0:000  FSB: 100 MHz
0:100  0:000  CPU: 3900 MHz
0:100  0:000  TSC: 3900 MHz
0:100  0:000  PIS: 100 MHz
0:100  0:000  ExternalClock: 25 MHz
0:100  0:000  === [ GetDevices ] ========================================
0:100  0:000  PCI (00|00:00.00) : 8086 0100 class=060000
0:100  0:000  PCI (00|00:01.00) : 8086 0101 class=060400
0:100  0:000  PCI (00|01:00.00) : 1002 6758 class=030000
0:100  0:000   - GFX: Model=AMD Radeon HD 6670 Series (ATI/AMD)
0:100  0:000  PCI (00|01:00.01) : 1002 AA90 class=040300
0:100  0:000   - HDMI Audio: 
0:100  0:000  PCI (00|00:16.00) : 8086 1C3A class=078000
0:100  0:000  PCI (00|00:16.01) : FFFF FFFF class=FFFFFF
0:100  0:000  PCI (00|00:16.02) : FFFF FFFF class=FFFFFF
0:100  0:000  PCI (00|00:16.03) : FFFF FFFF class=FFFFFF
0:100  0:000  PCI (00|00:1A.00) : 8086 1C2D class=0C0320
0:100  0:000  PCI (00|00:1B.00) : 8086 1C20 class=040300
0:100  0:000  PCI (00|00:1C.00) : 8086 1C10 class=060400
0:100  0:000  PCI (00|00:1C.01) : 8086 1C12 class=060400
0:100  0:000  PCI (00|03:00.00) : 1B73 1100 class=0C0330
0:100  0:000  PCI (00|00:1C.02) : 8086 1C14 class=060400
0:100  0:000  PCI (00|04:00.00) : 14E4 43A0 class=028000
0:100  0:000   - WIFI: Vendor=Broadcom
0:100  0:000  PCI (00|00:1C.03) : 8086 244E class=060401
0:100  0:000  PCI (00|05:00.00) : 8086 244E class=060401
0:100  0:000  PCI (00|06:02.00) : 1106 3044 class=0C0010
0:100  0:000  PCI (00|00:1C.04) : 8086 1C18 class=060400
0:100  0:000  PCI (00|07:00.00) : 1B6F 7023 class=0C0330
0:100  0:000  PCI (00|00:1C.05) : 8086 1C1A class=060400
0:100  0:000  PCI (00|08:00.00) : 1B6F 7023 class=0C0330
0:100  0:000  PCI (00|00:1C.06) : 8086 1C1C class=060400
0:101  0:000  PCI (00|09:00.00) : 10EC 8168 class=020000
0:101  0:000   - LAN: 0 Vendor=Realtek
0:101  0:000  PCI (00|00:1C.07) : 8086 1C1E class=060400
0:101  0:000  PCI (00|0A:00.00) : 1B4B 9172 class=010601
0:101  0:000  PCI (00|00:1D.00) : 8086 1C26 class=0C0320
0:101  0:000  PCI (00|00:1F.00) : 8086 1C44 class=060100
0:101  0:000  PCI (00|00:1F.02) : 8086 1C02 class=010601
0:101  0:000  PCI (00|00:1F.03) : 8086 1C22 class=0C0500
0:101  0:000  PCI (00|00:1F.06) : FFFF FFFF class=FFFFFF
0:101  0:000  === [ GetDefaultSettings ] ================================
0:101  0:000  Clover load options size = 4 bytes
0:104  0:003  EFI\CLOVER\AMB.plist not loaded with name from LoadOptions: Not Found
0:106  0:001  EFI\CLOVER\config.plist loaded: Success
0:106  0:000  === [ GetListOfThemes ] ===================================
0:110  0:004  - [00]: appledark
0:113  0:003  - [01]: Bootcamp
0:118  0:004  - [02]: clover-minimal-master
0:120  0:002  - [03]: clover-next-black
0:123  0:002  - [04]: DEFAULT
0:129  0:006  - [05]: EMBEDDED
0:131  0:001  - [05]: OSS
0:137  0:006  - [06]: OSS modified (original default)
0:144  0:006  - [07]: RANDOM
0:145  0:001  === [ Found config plists ] ===============================
0:146  0:001  - config copy.plist
0:146  0:000  - config.plist
0:146  0:000  === [ GetEarlyUserSettings ] ==============================
0:146  0:000  timeout set to 5
0:146  0:000  Custom boot CUSTOM_BOOT_DISABLED (0x0)
0:146  0:000  KextsToPatch: 2 requested
0:146  0:000   - [00]: AppleAHCIPort (External icons patch) :: BinPatch :: data len: 8
0:146  0:000   - [01]: com.apple.driver.usb.AppleUSBXHCIPCI (change 15 port limit to 26 in XHCI kext) :: MatchOS: 10.13.x :: BinPatch :: data len: 4
0:146  0:000  Default theme: default
0:146  0:000  Hiding entries with string Windows
0:146  0:000  Hiding entries with string \EFI\BOOT\BOOTX64.EFI
0:146  0:000  Hiding entries with string 8FA1F473-F0CA-453C-BB5E-774D607F87AF
0:146  0:000  === [ LoadDrivers ] =======================================
0:149  0:002  Loading APFS.EFI  status=Success
0:158  0:009   - driver needs connecting
0:158  0:000  Loading AppleImageCodec-64.efi  status=Success
0:160  0:002  Loading AppleKeyAggregator-64.efi  status=Success
0:163  0:002  Loading AppleUITheme-64.efi  status=Success
0:165  0:002  Loading CsmVideoDxe-64.efi  status=Success
0:168  0:002   - driver needs connecting
0:168  0:000  Loading DataHubDxe-64.efi  status=Success
0:227  0:059  Loading FirmwareVolume-64.efi  status=Success
0:229  0:001  Loading FSInject-64.efi  status=Success
0:231  0:001  Loading OsxAptioFix2Drv-64.efi  status=Success
0:233  0:002  Loading OsxFatBinaryDrv-64.efi  status=Success
0:235  0:002  Loading SMCHelper-64.efi  status=Success
0:237  0:001  Loading VBoxHfs-64.efi  status=Success
0:239  0:001   - driver needs connecting
0:239  0:000  3 drivers needs connecting ...
0:239  0:000  PlatformDriverOverrideProtocol->GetDriver overriden
0:239  0:000  APFS driver loaded
0:239  0:000  Video driver loaded: disconnect Success
0:297  0:058  Searching for invalid DiskIo BY_DRIVER connects: not found, all ok
0:315  0:017  CsmVideoDriverBindingStart
0:315  0:000  mixed support=40010
0:315  0:000  Controller is [030000]
0:315  0:000  Check for VBE
0:347  0:032   found Detail Timing 1920x1080
0:355  0:008    0 1152x864 attr=BB - ok, edid+, working, highest, pref=0
0:356  0:000    1 1280x960 attr=BB - ok, edid+, working, highest, pref=1
0:357  0:000    2 640x480 attr=BB - ok, edid+, 640x480, working
0:357  0:000    3 800x600 attr=BB - ok, edid+, 800x600, working
0:357  0:000    4 1024x768 attr=BB - ok, edid+, 1024x768, working
0:357  0:000    5 1280x1024 attr=BB - ok, edid+, working, highest, pref=5
0:359  0:001    6 1400x1050 attr=BB - ok, edid-
0:365  0:006    7 1920x1080 attr=BB - ok, edid+, working, highest, pref=7
0:365  0:000  CsmVideo: New mode: 7 1920x1080 - set
0:554  0:188   - SetMode pref 7 (7) = Success
0:554  0:000  CsmVideoCheckForVbe - Success
0:554  0:000  CsmVideoDriverBindingStart end Success
0:554  0:000  CsmVideo: New mode: 4 1024x768 - blocking that switch
0:556  0:001  CsmVideo: New mode: 4 1024x768 - blocking that switch
0:558  0:002  CsmVideo: New mode: 2 640x480 - blocking that switch
1:348  0:790  === [ InitScreen ] ========================================
1:348  0:000  SetScreenResolution: 1920x1080 - already set
1:348  0:000  Console modes reported: 4, available modes:
1:348  0:000   - [01]: 80x25 (current mode)
1:348  0:000   - [02]: 80x50
1:348  0:000   - [03]: 100x31
1:348  0:000   - [04]: 128x30
1:348  0:000  reinit: self device path=PciRoot(0x0)\Pci(0x1F,0x2)\Sata(0x1,0xFFFF,0x0)\HD(1,GPT,4A36DD14-2962-4D0D-992F-A78FBDB06BE5,0x28,0x64000)
1:349  0:000  Using embedded font: Success
1:350  0:001  === [ GetMacAddress ] =====================================
1:350  0:000  MAC address of LAN #0= 50:E5:49:CF:A5:82:
1:350  0:000  === [ ScanSPD ] ===========================================
1:350  0:000  SMBus device : 8086 1C22 class=0C0500 status=Success
1:350  0:000  SMBus CmdReg: 0x1
1:350  0:000  Scanning SMBus [8086:1C22], mmio: 0xF7F05004, ioport: 0xF000, hostc: 0x1
1:350  0:000  Slots to scan [8]...
1:351  0:000  SPD[0]: Type 11 @0x50
1:369  0:018  XMP Profile1: 10*1/8ns
1:369  0:000  Found module with XMP version 1.3
1:369  0:000  Using XMP Profile1 instead of standard frequency 1600MHz
1:369  0:000  DDR speed 1600MHz
1:369  0:000  Slot: 0 Type 24 8192MB 1600MHz Vendor=Corsair PartNo=CMZ8GX3M1A1600C10 SerialNo=0000000000000000
1:370  0:000  SPD[1]: Type 11 @0x51
1:389  0:018  XMP Profile1: 10*1/8ns
1:389  0:000  Found module with XMP version 1.3
1:389  0:000  Using XMP Profile1 instead of standard frequency 1600MHz
1:389  0:000  DDR speed 1600MHz
1:389  0:000  Slot: 1 Type 24 8192MB 1600MHz Vendor=Corsair PartNo=CMZ8GX3M1A1600C10 SerialNo=0000000000000000
1:389  0:000  SPD[2]: Type 11 @0x52
1:408  0:018  XMP Profile1: 10*1/8ns
1:408  0:000  Found module with XMP version 1.3
1:408  0:000  Using XMP Profile1 instead of standard frequency 1600MHz
1:408  0:000  DDR speed 1600MHz
1:408  0:000  Slot: 2 Type 24 8192MB 1600MHz Vendor=Corsair PartNo=CMZ8GX3M1A1600C10 SerialNo=0000000000000000
1:408  0:000  SPD[3]: Type 11 @0x53
1:427  0:018  XMP Profile1: 10*1/8ns
1:427  0:000  Found module with XMP version 1.3
1:427  0:000  Using XMP Profile1 instead of standard frequency 1600MHz
1:427  0:000  DDR speed 1600MHz
1:427  0:000  Slot: 3 Type 24 8192MB 1600MHz Vendor=Corsair PartNo=CMZ8GX3M1A1600C10 SerialNo=0000000000000000
1:428  0:000  === [ GetAcpiTablesList ] =================================
1:428  0:000  Get Acpi Tables List from RSDT:
1:428  0:000   - [00]: FACP  A M I len=132
1:428  0:000   - [01]: APIC  A M I len=146
1:428  0:000   - [02]: MCFG  A M I len=60
1:428  0:000   - [03]: HPET  A M I len=56
1:428  0:000   - [04]: SSDT  SataTabl len=877
1:428  0:000   - [05]: SSDT  CpuPm len=2706
1:428  0:000   - [06]: BGRT  A M I len=56
1:428  0:000   - [07]: MATS  A M I len=52
1:428  0:000  Calibrated TSC Frequency = 3510312863 = 3510MHz
1:428  0:000  === [ GetUserSettings ] ===================================
1:428  0:000  USB FixOwnership: no
1:428  0:000  Dropping 1 tables:
1:428  0:000   - [00]: Drop table  signature="MATS" (5354414D)
1:428  0:000           - set table: 5354414D,                0 to drop: yes
1:428  0:000   - final DSDT Fix mask=064A3B7F
1:428  0:000  PatchesDSDT: 5 requested
1:428  0:000   - [00]: (change _OSI to XOSI) lenToFind: 4, lenToReplace: 4, Target Bridge: <null string>
1:428  0:000   - [01]: (change EHC1 to EH01) lenToFind: 4, lenToReplace: 4, Target Bridge: <null string>
1:428  0:000   - [02]: (change EHC2 to EH02) lenToFind: 4, lenToReplace: 4, Target Bridge: <null string>
1:428  0:000   - [03]: (change XHCI to XHC) lenToFind: 4, lenToReplace: 4, Target Bridge: <null string>
1:428  0:000   - [04]: (change XHC1 to XHC) lenToFind: 4, lenToReplace: 4, Target Bridge: <null string>
1:428  0:000  Using ProductName from config: iMac14,2
1:428  0:000  Using latest BiosVersion from clover
1:428  0:000  BiosVersion: IM142.88Z.0130.B00.1804091831
1:428  0:000  BiosReleaseDate: 04/09/2018
1:428  0:000  Using FirmwareFeatures from clover: 0xE00FE137
1:428  0:000  Using FirmwareFeaturesMask from clover: 0xFF1FFF3F
1:428  0:000  Using PlatformFeature from clover: 0x1
1:428  0:000  Board-ID set from config as Mac-27ADBB7B4CEE8E61
1:428  0:000  BoardType: 0xA
1:428  0:000  ChassisType: 0xD
1:430  0:001  === [ Found DSDT tables ] =================================
1:596  0:165  === [ ScanVolumes ] =======================================
1:596  0:000  Found 12 volumes with blockIO
1:596  0:000  - [00]: Volume: PciRoot(0x0)\Pci(0x1F,0x2)\Sata(0x0,0xFFFF,0x0)
1:596  0:000  - [01]: Volume: PciRoot(0x0)\Pci(0x1F,0x2)\Sata(0x1,0xFFFF,0x0)
1:597  0:000  - [02]: Volume: PciRoot(0x0)\Pci(0x1F,0x2)\Sata(0x0,0xFFFF,0x0)\HD(1,GPT,3B4228CB-C6F9-4151-A7D7-AE1090049ABC,0x800,0xF9800)
1:597  0:000          Result of bootcode detection: bootable Windows (vista,win)
1:597  0:000  - [03]: Volume: PciRoot(0x0)\Pci(0x1F,0x2)\Sata(0x0,0xFFFF,0x0)\HD(2,GPT,2829A60C-2A36-4E94-B01E-C54AE4B918B1,0xFA000,0x32000)
1:598  0:000          Result of bootcode detection: bootable Windows (vista,win)
1:599  0:001  - [04]: Volume: PciRoot(0x0)\Pci(0x1F,0x2)\Sata(0x0,0xFFFF,0x0)\HD(3,GPT,B0F3F332-6BF6-467C-BB8F-F562B8E187DC,0x12C000,0x8000)
1:600  0:000  - [05]: Volume: PciRoot(0x0)\Pci(0x1F,0x2)\Sata(0x0,0xFFFF,0x0)\HD(4,GPT,1867FAEA-D4CE-49C4-B399-CC65F379B5EF,0x134000,0x1D091800)
1:600  0:000          Result of bootcode detection: bootable Windows (vista,win)
1:600  0:000  - [06]: Volume: PciRoot(0x0)\Pci(0x1F,0x2)\Sata(0x1,0xFFFF,0x0)\HD(1,GPT,4A36DD14-2962-4D0D-992F-A78FBDB06BE5,0x28,0x64000)
1:601  0:000          Result of bootcode detection: bootable unknown (legacy)
1:607  0:006          This is SelfVolume !!
1:607  0:000  - [07]: Volume: PciRoot(0x0)\Pci(0x1F,0x2)\Sata(0x1,0xFFFF,0x0)\HD(2,GPT,7140E021-218F-4BFE-9DE4-4CBEF82E28B8,0x64028,0x1D161920)
1:608  0:000          Result of bootcode detection: bootable unknown (legacy)
1:608  0:000  - [08]: Volume: PciRoot(0x0)\Pci(0x1F,0x2)\Sata(0x1,0xFFFF,0x0)\HD(2,GPT,7140E021-218F-4BFE-9DE4-4CBEF82E28B8,0x64028,0x1D161920)\VenMedia(BE74FCF7-0B7C-49F3-9147-01F4042E6842,FEA80B20C86B6547A8ABAA0AE024D5E1)
1:608  0:000  - [09]: Volume: PciRoot(0x0)\Pci(0x1F,0x2)\Sata(0x1,0xFFFF,0x0)\HD(2,GPT,7140E021-218F-4BFE-9DE4-4CBEF82E28B8,0x64028,0x1D161920)\VenMedia(BE74FCF7-0B7C-49F3-9147-01F4042E6842,7AFE3A65D7C0A034A168F26E61CCBC58)
1:608  0:000  - [10]: Volume: PciRoot(0x0)\Pci(0x1F,0x2)\Sata(0x1,0xFFFF,0x0)\HD(2,GPT,7140E021-218F-4BFE-9DE4-4CBEF82E28B8,0x64028,0x1D161920)\VenMedia(BE74FCF7-0B7C-49F3-9147-01F4042E6842,859FD91CA8CB914F8F5916CB0B0903FD)
1:608  0:000  - [11]: Volume: PciRoot(0x0)\Pci(0x1F,0x2)\Sata(0x1,0xFFFF,0x0)\HD(2,GPT,7140E021-218F-4BFE-9DE4-4CBEF82E28B8,0x64028,0x1D161920)\VenMedia(BE74FCF7-0B7C-49F3-9147-01F4042E6842,A6E9888EF8C69848824A4C643DCAC9CD)
1:608  0:000  === [ InitTheme ] =========================================
1:620  0:012  Using theme 'default' (EFI\CLOVER\themes\default)
1:621  0:000  Warning! Character width 23 should be even!
1:622  0:001  Loading font from ThemeDir: Success
1:623  0:000  Chosen theme default
1:624  0:000  found boot-args in NVRAM:, size=1
1:624  0:000  after NVRAM boot-args=
1:624  0:000  === [ Dump SMC keys from NVRAM ] ==========================
1:624  0:000  found AppleSMC protocol
1:704  0:079  Registered 17 SMC keys
1:705  0:001  === [ ScanLoader ] ========================================
1:705  0:000  - [03]: 'EFI'
1:706  0:000          AddLoaderEntry for Volume Name=EFI
1:720  0:014          AddLoaderEntry for Volume Name=EFI
1:720  0:000          skipped because entry is hidden
1:720  0:000  - [06]: 'EFI'
1:722  0:001          AddLoaderEntry for Volume Name=EFI
1:722  0:000          skipped because entry is hidden
1:722  0:000  - [08]: 'Preboot'
1:752  0:030          AddLoaderEntry for Volume Name=Preboot
1:778  0:025      Check if volume Is Hibernated:
1:778  0:000      Check sleep image 'by signature':
1:782  0:004      using default sleep image name = \private\var\vm\sleepimage
1:783  0:001      sleepimage not found -> Not Found
1:783  0:000      hibernated: no - sign
1:796  0:013          AddLoaderEntry for Volume Name=Preboot
1:887  0:090  - [09]: 'Macintosh SSD'
2:127  0:240          AddLoaderEntry for Volume Name=Macintosh SSD
2:174  0:046      Check if volume Is Hibernated:
2:174  0:000      Check sleep image 'by signature':
2:249  0:075      read prefs \Library\Preferences\com.apple.PowerManagement.plist status=Success
2:249  0:000      using default sleep image name = \private\var\vm\sleepimage
2:295  0:045      sleepimage not found -> Not Found
2:295  0:000      hibernated: no - sign
2:383  0:088  - [10]: 'Recovery'
2:410  0:026          AddLoaderEntry for Volume Name=Recovery
2:479  0:069  - [11]: 'VM'
2:480  0:000  Scanning legacy ...
2:480  0:000   2: 'Legacy HD1' (vista,win) add legacy
2:480  0:000   added 'Boot Windows from Legacy HD1' OSType=2 Icon=vista,win
2:480  0:000   3: 'EFI' (vista,win) add legacy
2:481  0:000   added 'Boot Windows from EFI' OSType=2 Icon=vista,win
2:481  0:000   5: 'Legacy HD4' (vista,win) add legacy
2:482  0:000   added 'Boot Windows from Legacy HD4' OSType=2 Icon=vista,win
2:482  0:000  === [ AddCustomTool ] =====================================
2:485  0:002  found tool \EFI\CLOVER\tools\Shell64U.efi
2:485  0:000  Checking EFI partition Volume 3 for Clover
2:485  0:000  Checking EFI partition Volume 6 for Clover
2:486  0:000   Found Clover
2:489  0:003  === [ GetEfiBootDeviceFromNvram ] =========================
2:491  0:001   - efi-boot-device-data: PciRoot(0x0)\Pci(0x1F,0x2)\Sata(0x0,0xFFFF,0x0)\HD(2,GPT,2829A60C-2A36-4E94-B01E-C54AE4B918B1,0xFA000,0x32000)\EFI\microsoft\Boot\bootmgfw.efii
2:491  0:000    - Volume: 'PciRoot(0x0)\Pci(0x1F,0x2)\Sata(0x0,0xFFFF,0x0)\HD(2,GPT,2829A60C-2A36-4E94-B01E-C54AE4B918B1,0xFA000,0x32000)'
2:491  0:000    - LoaderPath: '\EFI\microsoft\Boot\bootmgfw.efi'
2:491  0:000    - Guid = 2829A60C-2A36-4E94-B01E-C54AE4B918B1
2:491  0:000  === [ FindStartupDiskVolume ] =============================
2:491  0:000    - Volume: partition = PciRoot(0x0)\Pci(0x1F,0x2)\Sata(0x0,0xFFFF,0x0)\HD(2,GPT,2829A60C-2A36-4E94-B01E-C54AE4B918B1,0xFA000,0x32000)
2:491  0:000     - searching for that partition and loader '\EFI\microsoft\Boot\bootmgfw.efi'
2:491  0:000      - found entry 0. 'Boot Microsoft EFI Boot from EFI', Volume 'EFI', '\EFI\microsoft\Boot\bootmgfw.efi'
2:491  0:000  Boot redirected to Entry 0. 'Boot Microsoft EFI Boot from EFI'
2:491  0:000  DefaultIndex=0 and MainMenu.EntryCount=14
42:298  39:807  GUI ready
72:715  30:416  BootVariable of the entry is empty
72:715  0:000  === [ StartLoader ] =======================================
72:715  0:000  Finally: ExternalClock=26MHz BusSpeed=100295kHz CPUFreq=3510MHz PIS: hw.busfrequency=104000000Hz
72:715  0:000  Loading boot.efi  status=Success
72:838  0:123  GetOSVersion: 10.13.6 (17G65)
72:838  0:000  CSR_CFG: CSR_ALLOW_UNTRUSTED_KEXTS | CSR_ALLOW_UNRESTRICTED_FS | CSR_ALLOW_TASK_FOR_PID | CSR_ALLOW_KERNEL_DEBUGGER | CSR_ALLOW_APPLE_INTERNAL | CSR_ALLOW_UNRESTRICTED_DTRACE | CSR_ALLOW_UNRESTRICTED_NVRAM | CSR_ALLOW_DEVICE_CONFIGURATION | CSR_ALLOW_ANY_RECOVERY_
72:838  0:000  Filtering KextPatches:
72:838  0:000   - [00]: AppleAHCIPort (External icons patch) :: BinPatch :: [OS: 10.13.6 | MatchOS: All | MatchBuild: All] ==> allowed
72:838  0:000   - [01]: com.apple.driver.usb.AppleUSBXHCIPCI (change 15 port limit to 26 in XHCI kext) :: BinPatch :: [OS: 10.13.6 | MatchOS: 10.13.x | MatchBuild: All] ==> allowed
72:838  0:000  Will not patch boot.efi
72:838  0:000  === [ PatchSmbios ] =======================================
72:838  0:000  insert table 9 for dev 0:0
72:838  0:000  insert table 9 for dev 0:1
72:838  0:000  insert table 9 for dev 0:0
72:838  0:000  insert table 9 for dev 0:0
72:838  0:000  insert table 9 for dev 2:0
72:839  0:000  Channels: 2
72:839  0:000  Interleave: 0 2 1 3 4 6 5 7 8 10 9 11 12 14 13 15 16 18 17 19 20 22 21 23
72:839  0:000  SMBIOS Type 17 Index = 0 => 0 0:
72:839  0:000  BANK 0 DIMM0 1600MHz 8192MB
72:839  0:000  SMBIOS Type 17 Index = 1 => 2 2:
72:839  0:000  BANK 1 DIMM0 1600MHz 8192MB
72:839  0:000  SMBIOS Type 17 Index = 2 => 1 1:
72:839  0:000  BANK 0 DIMM1 1600MHz 8192MB
72:839  0:000  SMBIOS Type 17 Index = 3 => 3 3:
72:839  0:000  BANK 1 DIMM1 1600MHz 8192MB
72:839  0:000  mTotalSystemMemory = 32768
72:839  0:000  NumberOfMemoryDevices = 4
72:839  0:000  Type20[0]->End = 0x1FFFFFF, Type17[3] = 0x8000
72:839  0:000  Type20[1]->End = 0x17FFFFF, Type17[2] = 0xE000
72:839  0:000  Type20[2]->End = 0xFFFFFF, Type17[1] = 0x12000
72:839  0:000  Type20[3]->End = 0x7FFFFF, Type17[0] = 0x14000
72:839  0:000  Table 131 is present, CPUType=10
72:839  0:000  Change to: 703
72:839  0:000  === [ PatchACPI ] =========================================
72:839  0:000  Xsdt reallocation done
72:839  0:000  old FADT length=F4
72:839  0:000   SignatureFixup: 0x0 -> 0x0
72:844  0:005  Apply DsdtFixMask=0x064A3B7F
72:844  0:000     drop _DSM mask=0x0000
72:844  0:000  === [ FixBiosDsdt ] =======================================
72:844  0:000  VideoCard devID=0x67581002
72:844  0:000  DisplayADR1[0] = 0x10000, DisplayADR2[0] = 0x0
72:845  0:000  USBADR[0] = 0x1A0000 and PCIe = 0xFFFE
73:162  0:317  Audio HDA (addr:0x1B0000) setting specified layout-id=1 (0x1)
73:162  0:000  USBADR[1] = 0x1C0001 and PCIe = 0x0
73:163  0:000  Found Airport BCM at 0x1C0002, 0x0
73:163  0:000  USBADR[2] = 0x1C0004 and PCIe = 0x0
73:163  0:000  USBADR[3] = 0x1C0005 and PCIe = 0x0
73:163  0:000  USBADR[4] = 0x1D0000 and PCIe = 0xFFFE
73:163  0:000  Patching DSDT:
73:163  0:000   - [change _OSI to XOSI]: pattern 5F4F5349, patched at: [ (18D3) (6F0D) (3) (18) (1C) (1C) (1A) (18) ]
73:163  0:000   - [change EHC1 to EH01]: pattern 45484331, patched at: [ (4DFA) (40D0) ]
73:163  0:000   - [change EHC2 to EH02]: pattern 45484332, patched at: [ (5336) (3BA6) ]
73:163  0:000   - [change XHCI to XHC]: pattern 58484349, patched at: [ (703) (506B) (38) (3) (57) (3) ]
73:163  0:000   - [change XHC1 to XHC]: pattern 58484331, bin not found / already patched!
73:163  0:000    0 replacements
73:163  0:000  first CPU found at 7EA5 offset 7EA8
73:163  0:000  score candidate at 7EA1
73:163  0:000  score inserted in acpi_cpu_score _PR_
73:163  0:000  Found ACPI CPU: CPU0 | CPU1 | CPU2 | CPU3 | CPU4 | CPU5 | CPU6 | CPU7 , within the score: _PR_
73:163  0:000  Start RTC Fix
73:163  0:000  found RTC Length not match, Maybe will cause CMOS reset will patch it.
73:163  0:000  found RTC had IRQNoFlag will move -3 bytes
73:163  0:000  ...len=A74D
73:163  0:000  new size written to 23D7 shift=0 len=A74D
73:163  0:000  len after correct outers A74D
73:163  0:000  Start PIC Fix
73:163  0:000  PIC size=A5 at 2283
73:163  0:000  found CRS at 2297 size 8D
73:163  0:000  found PIC had IRQNoFlag will move -3 bytes
73:163  0:000  Fix Device PIC size -3
73:163  0:000  Start HPET Fix
73:164  0:000  Start Display0 Fix
73:164  0:000  Found internal video device FFFF@4925, unusable
73:164  0:000  Skipping Method(_DSM) for 1002 card
73:164  0:000  patch Display #0 of Vendor=0x1002
73:164  0:000  Start NetWork Fix
73:164  0:000  found NetWork device [0x001C0006:0] at 47A0 and Name is PXSX
73:164  0:000  NetworkADR1=1C0006 NetworkADR2=0
73:164  0:000  network DSM created, size=6A
73:164  0:000  patch FRWR in DSDT 
73:164  0:000  found Firewire device NAME(_ADR,0x00000000) at 3706 And Name is PXSX
73:164  0:000  Name PXSX present at 0xA2, renaming to FRWR
73:164  0:000  Name PXSX present at 0xE0, renaming to FRWR
73:164  0:000  Start Firewire Fix
73:165  0:000  Start Add MCHC
73:165  0:000  Start Add IMEI
73:165  0:000  Start USB Fix
73:165  0:000  USB bridge[1A0000] at 538B, size = 3A0
73:165  0:000   found slave _DSM, skip
73:165  0:000  USB bridge[1C0001] at 3466, size = FD
73:165  0:000  found USB device [001C0001:0] at 3508 and Name was PXSX -> XHC1
73:165  0:000  Name PXSX present at 0xA2, renaming to XHC1
73:165  0:000  Name PXSX present at 0xE0, renaming to XHC1
73:166  0:000  USB bridge[1C0004] at 3873, size = E9B
73:166  0:000  found USB device [001C0004:0] at 3915 and Name was PXSX -> XHC1
73:166  0:000  Name PXSX present at 0xA2, renaming to XHC1
73:166  0:000  Name PXSX present at 0xE0, renaming to XHC1
73:166  0:000  USB bridge[1C0005] at 47EE, size = FD
73:166  0:000  found USB device [001C0005:0] at 4890 and Name was PXSX -> XHC1
73:166  0:000  Name PXSX present at 0xA2, renaming to XHC1
73:166  0:000  Name PXSX present at 0xE0, renaming to XHC1
73:166  0:000  USB bridge[1D0000] at 50E9, size = 53A
73:166  0:000   found slave _DSM, skip
73:166  0:000   deleting device CRT_
73:166  0:000   deleting device DVI_
73:166  0:000   deleting device SPKR
73:166  0:000   deleting device ECP_
73:167  0:000   deleting device LPT_
73:167  0:000   deleting device FDC0
73:167  0:000   deleting device ECP1
73:167  0:000   deleting device LPT1
73:167  0:000  Start _S3D Fix
73:168  0:000  Start Darwin Fix
73:168  0:000  Start SHUTDOWN Fix len=AAD3
73:168  0:000  PreCleanup XSDT: count=8, length=100
73:168  0:000  PreCleanup XSDT, corrected XSDT: count=8, length=100
73:168  0:000  === [ ACPIDropTables ] ====================================
73:168  0:000  Drop tables from XSDT, SIGN=MATS TableID=A M I Length=52
73:168  0:000   Table[7]: MATS  A M I  52 dropped
73:168  0:000  0. [change _OSI to XOSI]: pattern 5F4F5349, bin not found / already patched!
73:168  0:000  1. [change EHC1 to EH01]: pattern 45484331, bin not found / already patched!
73:168  0:000  2. [change EHC2 to EH02]: pattern 45484332, bin not found / already patched!
73:168  0:000  3. [change XHCI to XHC]: pattern 58484349, bin not found / already patched!
73:168  0:000  4. [change XHC1 to XHC]: pattern 58484331, bin not found / already patched!
73:168  0:000    0 replacements
73:168  0:000  0. [change _OSI to XOSI]: pattern 5F4F5349, bin not found / already patched!
73:168  0:000  1. [change EHC1 to EH01]: pattern 45484331, bin not found / already patched!
73:168  0:000  2. [change EHC2 to EH02]: pattern 45484332, bin not found / already patched!
73:168  0:000  3. [change XHCI to XHC]: pattern 58484349, bin not found / already patched!
73:168  0:000  4. [change XHC1 to XHC]: pattern 58484331, bin not found / already patched!
73:168  0:000    0 replacements
73:168  0:000  Found OperationRegion(PPMT, SystemMemory, DE563D98, ...)
73:168  0:000  === [ ACPIPatchedAML ] ====================================
73:168  0:000  Unsorted
73:168  0:000  Inserting SSDT.AML from EFI\CLOVER\ACPI\patched: size=1666 ... Success
73:170  0:002  Inserting SSDT-1.AML from EFI\CLOVER\ACPI\patched: size=2706 ... Success
73:170  0:000  CPUBase=0 and ApicCPUBase=1 ApicCPUNum=8
73:170  0:000  Cleanup XSDT: count=10, length=116
73:170  0:000  corrected XSDT count=9, length=108
73:170  0:000  === [ RestSetup macOS ] ===================================
73:170  0:000  EdidDiscovered size=128
73:170  0:000  --- Discovered EDID Table size:128
73:170  0:000  000  |  00  FF  FF  FF  FF  FF  FF  00  04  72
73:170  0:000  010  |  FF  02  0C  A9  21  32  16  17  01  03
73:170  0:000  020  |  80  35  1E  78  CA  92  65  A6  55  55
73:170  0:000  030  |  9F  28  0D  50  54  BF  EF  80  71  4F
73:170  0:000  040  |  81  40  81  80  81  C0  81  00  95  00
73:170  0:000  050  |  B3  00  D1  C0  02  3A  80  18  71  38
73:170  0:000  060  |  2D  40  58  2C  45  00  13  2B  21  00
73:170  0:000  070  |  00  1E  00  00  00  FD  00  37  4C  1E
73:170  0:000  080  |  50  11  00  0A  20  20  20  20  20  20
73:170  0:000  090  |  00  00  00  FC  00  47  32  34  36  48
73:170  0:000  100  |  4C  0A  20  20  20  20  20  20  00  00
73:170  0:000  110  |  00  FF  00  4C  57  41  41  41  30  30
73:170  0:000  120  |  31  38  35  32  33  0A  00  2F
73:171  0:000  Framebuffer @0xE0000000  MMIO @0xF7E20000 I/O Port @0x0000E000 ROM Addr @0xF7E00000
73:171  0:000  PCI region 1 = 0x00000000, region3 = 0x00000000, region5 = 0x00000000
73:171  0:000  BIOS_0_SCRATCH=0x00000004, 1=0x00000003, 2=0x00000000, 3=0x00000000, 4=0x00000000, 5=0x00000000, 6=0x00000000
73:171  0:000  RADEON_CRTC2_GEN_CNTL == 0x00000000
73:171  0:000   card posted because CONFIG_MEMSIZE=0x400
73:171  0:000  ATI card POSTed, 
73:171  0:000  Set VRAM for Turks =1024Mb
73:171  0:000  ATI: get_vram_size returned 0x40000000
73:171  0:000  ATI Radeon EVERGREEN+ family
73:171  0:000  Framebuffer set to device's default: Pithecia
73:171  0:000   N ports defaults to 3
73:171  0:000  (AtiPorts) Nr of ports set to: 3
73:171  0:000  ATI Turks AMD Radeon HD 6670 Series 1024MB (Pithecia) [1002:6758] (subsys [1787:2012]):: PciRoot(0x0)\Pci(0x1,0x0)\Pci(0x0,0x0)
73:172  0:000   setting specified layout-id=1 (0x1)
73:172  0:000  stringlength = 3202
73:172  0:000  CurrentMode: Width=1920 Height=1080
73:172  0:000  Beginning FSInjection
FSInjectionInstall ...
- Our FSI_SIMPLE_FILE_SYSTEM_PROTOCOL installed on handle: D2228F98
FSInjectionInstall ...
- Our FSI_SIMPLE_FILE_SYSTEM_PROTOCOL installed on handle: D2228F98
73:181  0:009  Use origin smbios table type 1 guid.
73:194  0:012  Preparing kexts injection for arch=x86_64 from EFI\CLOVER\kexts\Other
73:194  0:000  Extra kext: EFI\CLOVER\kexts\Other\RealtekRTL8111.kext (v.2.2.1)
73:202  0:008  Extra kext: EFI\CLOVER\kexts\Other\Lilu.kext (v.1.2.2)
73:210  0:007  Extra kext: EFI\CLOVER\kexts\Other\GenericUSBXHCI.kext (v.1.2.11)
73:220  0:009  Extra kext: EFI\CLOVER\kexts\Other\FakeSMC.kext (v.1765)
73:228  0:008  Extra kext: EFI\CLOVER\kexts\Other\FakePCIID_XHCIMux.kext (v.1.3.11)
73:235  0:006  Extra kext: EFI\CLOVER\kexts\Other\FakePCIID.kext (v.1.3.11)
73:242  0:006  Extra kext: EFI\CLOVER\kexts\Other\CodecCommander.kext (v.2.6.3)
73:253  0:010  Extra kext: EFI\CLOVER\kexts\Other\AppleALC.kext (v.1.2.1)
73:270  0:017    |-- PlugIn kext: EFI\CLOVER\kexts\Other\AppleALC.kext\Contents\PlugIns\PinConfigs.kext (v.1.0.0)
73:451  0:180  Preparing kexts injection for arch=x86_64 from EFI\CLOVER\kexts\10.13
73:452  0:001  SetStartupDiskVolume:
73:452  0:000    * Volume: 'Macintosh SSD'
73:452  0:000    * LoaderPath: '<null string>'
73:452  0:000    * DevPath: Macintosh SSD
73:452  0:000    * GUID = 7140E021-218F-4BFE-9DE4-4CBEF82E28B8
73:455  0:002    * efi-boot-device: <array><dict><key>IOMatch</key><dict><key>IOProviderClass</key><string>IOMedia</string><key>IOPropertyMatch</key><dict><key>UUID</key><string>7140E021-218F-4BFE-9DE4-4CBEF82E28B8</string></dict></dict></dict></array>
73:459  0:003  SetScreenResolution: 1920x1080 - already set
73:459  0:000  Custom boot is disabled
73:460  0:001  Closing log
